This is pdfTeX, Version 3.141592653-2.6-1.40.25 (TeX Live 2023) (preloaded format=pdflatex 2024.3.9)  2 APR 2024 13:29
entering extended mode
 restricted \write18 enabled.
 %&-line parsing enabled.
**report.tex
(./report.tex
LaTeX2e <2022-11-01> patch level 1
L3 programming layer <2023-02-22>
(/usr/share/texlive/texmf-dist/tex/latex/koma-script/scrartcl.cls
Document Class: scrartcl 2022/10/12 v3.38 KOMA-Script document class (article)
(/usr/share/texlive/texmf-dist/tex/latex/koma-script/scrkbase.sty
Package: scrkbase 2022/10/12 v3.38 KOMA-Script package (KOMA-Script-dependent b
asics and keyval usage)

(/usr/share/texlive/texmf-dist/tex/latex/koma-script/scrbase.sty
Package: scrbase 2022/10/12 v3.38 KOMA-Script package (KOMA-Script-independent 
basics and keyval usage)

(/usr/share/texlive/texmf-dist/tex/latex/koma-script/scrlfile.sty
Package: scrlfile 2022/10/12 v3.38 KOMA-Script package (file load hooks)

(/usr/share/texlive/texmf-dist/tex/latex/koma-script/scrlfile-hook.sty
Package: scrlfile-hook 2022/10/12 v3.38 KOMA-Script package (using LaTeX hooks)


(/usr/share/texlive/texmf-dist/tex/latex/koma-script/scrlogo.sty
Package: scrlogo 2022/10/12 v3.38 KOMA-Script package (logo)
)))
(/usr/share/texlive/texmf-dist/tex/latex/graphics/keyval.sty
Package: keyval 2022/05/29 v1.15 key=value parser (DPC)
\KV@toks@=\toks16
)
Applying: [2021/05/01] Usage of raw or classic option list on input line 252.
Already applied: [0000/00/00] Usage of raw or classic option list on input line
 368.
))
(/usr/share/texlive/texmf-dist/tex/latex/koma-script/tocbasic.sty
Package: tocbasic 2022/10/12 v3.38 KOMA-Script package (handling toc-files)
\scr@dte@tocline@numberwidth=\skip48
\scr@dte@tocline@numbox=\box51
)
Package tocbasic Info: omitting babel extension for `toc'
(tocbasic)             because of feature `nobabel' available
(tocbasic)             for `toc' on input line 135.
Class scrartcl Info: File `scrsize11pt.clo' used instead of
(scrartcl)           file `scrsize11.clo' to setup font sizes on input line 236
7.

(/usr/share/texlive/texmf-dist/tex/latex/koma-script/scrsize11pt.clo
File: scrsize11pt.clo 2022/10/12 v3.38 KOMA-Script font size class option (11pt
)
)
(/usr/share/texlive/texmf-dist/tex/latex/koma-script/typearea.sty
Package: typearea 2022/10/12 v3.38 KOMA-Script package (type area)
\ta@bcor=\skip49
\ta@div=\count185
\ta@hblk=\skip50
\ta@vblk=\skip51
\ta@temp=\skip52
\footheight=\skip53
Package typearea Info: These are the values describing the layout:
(typearea)             DIV  = 10
(typearea)             BCOR = 0.0pt
(typearea)             \paperwidth      = 597.50793pt
(typearea)              \textwidth      = 418.25555pt
(typearea)              DIV departure   = -6%
(typearea)              \evensidemargin = 17.3562pt
(typearea)              \oddsidemargin  = 17.3562pt
(typearea)             \paperheight     = 845.04694pt
(typearea)              \textheight     = 595.80026pt
(typearea)              \topmargin      = -25.16531pt
(typearea)              \headheight     = 17.0pt
(typearea)              \headsep        = 20.40001pt
(typearea)              \topskip        = 11.0pt
(typearea)              \footskip       = 47.6pt
(typearea)              \baselineskip   = 13.6pt
(typearea)              on input line 1767.
)
\c@part=\count186
\c@section=\count187
\c@subsection=\count188
\c@subsubsection=\count189
\c@paragraph=\count190
\c@subparagraph=\count191
\scr@dte@section@maxnumwidth=\skip54
Class scrartcl Info: using compatibility default `runin=bysign'
(scrartcl)           for `\section on input line 4994.
Class scrartcl Info: using compatibility default `afterindent=bysign'
(scrartcl)           for `\section on input line 4994.
\scr@dte@part@maxnumwidth=\skip55
Class scrartcl Info: using compatibility default `afterindent=false'
(scrartcl)           for `\part on input line 5002.
\scr@dte@subsection@maxnumwidth=\skip56
Class scrartcl Info: using compatibility default `runin=bysign'
(scrartcl)           for `\subsection on input line 5012.
Class scrartcl Info: using compatibility default `afterindent=bysign'
(scrartcl)           for `\subsection on input line 5012.
\scr@dte@subsubsection@maxnumwidth=\skip57
Class scrartcl Info: using compatibility default `runin=bysign'
(scrartcl)           for `\subsubsection on input line 5022.
Class scrartcl Info: using compatibility default `afterindent=bysign'
(scrartcl)           for `\subsubsection on input line 5022.
\scr@dte@paragraph@maxnumwidth=\skip58
Class scrartcl Info: using compatibility default `runin=bysign'
(scrartcl)           for `\paragraph on input line 5033.
Class scrartcl Info: using compatibility default `afterindent=bysign'
(scrartcl)           for `\paragraph on input line 5033.
\scr@dte@subparagraph@maxnumwidth=\skip59
Class scrartcl Info: using compatibility default `runin=bysign'
(scrartcl)           for `\subparagraph on input line 5043.
Class scrartcl Info: using compatibility default `afterindent=bysign'
(scrartcl)           for `\subparagraph on input line 5043.
\abovecaptionskip=\skip60
\belowcaptionskip=\skip61
\c@pti@nb@sid@b@x=\box52
Package tocbasic Info: omitting babel extension for `lof'
(tocbasic)             because of feature `nobabel' available
(tocbasic)             for `lof' on input line 6211.
\scr@dte@figure@maxnumwidth=\skip62
\c@figure=\count192
Package tocbasic Info: omitting babel extension for `lot'
(tocbasic)             because of feature `nobabel' available
(tocbasic)             for `lot' on input line 6227.
\scr@dte@table@maxnumwidth=\skip63
\c@table=\count193
Class scrartcl Info: Redefining `\numberline' on input line 6397.
\bibindent=\dimen140
)
(/usr/share/texlive/texmf-dist/tex/latex/geometry/geometry.sty
Package: geometry 2020/01/02 v5.9 Page Geometry

(/usr/share/texlive/texmf-dist/tex/generic/iftex/ifvtex.sty
Package: ifvtex 2019/10/25 v1.7 ifvtex legacy package. Use iftex instead.

(/usr/share/texlive/texmf-dist/tex/generic/iftex/iftex.sty
Package: iftex 2022/02/03 v1.0f TeX engine tests
))
\Gm@cnth=\count194
\Gm@cntv=\count195
\c@Gm@tempcnt=\count196
\Gm@bindingoffset=\dimen141
\Gm@wd@mp=\dimen142
\Gm@odd@mp=\dimen143
\Gm@even@mp=\dimen144
\Gm@layoutwidth=\dimen145
\Gm@layoutheight=\dimen146
\Gm@layouthoffset=\dimen147
\Gm@layoutvoffset=\dimen148
\Gm@dimlist=\toks17
)
(/usr/share/texlive/texmf-dist/tex/latex/multirow/multirow.sty
Package: multirow 2021/03/15 v2.8 Span multiple rows of a table
\multirow@colwidth=\skip64
\multirow@cntb=\count197
\multirow@dima=\skip65
\bigstrutjot=\dimen149
)
(/usr/share/texlive/texmf-dist/tex/latex/pdflscape/pdflscape.sty
Package: pdflscape 2022-10-27 v0.13 Display of landscape pages in PDF

(/usr/share/texlive/texmf-dist/tex/latex/pdflscape/pdflscape-nometadata.sty
Package: pdflscape-nometadata 2022-10-28 v0.13 Display of landscape pages in PD
F (HO)

(/usr/share/texlive/texmf-dist/tex/latex/graphics/lscape.sty
Package: lscape 2020/05/28 v3.02 Landscape Pages (DPC)

(/usr/share/texlive/texmf-dist/tex/latex/graphics/graphics.sty
Package: graphics 2022/03/10 v1.4e Standard LaTeX Graphics (DPC,SPQR)

(/usr/share/texlive/texmf-dist/tex/latex/graphics/trig.sty
Package: trig 2021/08/11 v1.11 sin cos tan (DPC)
)
(/usr/share/texlive/texmf-dist/tex/latex/graphics-cfg/graphics.cfg
File: graphics.cfg 2016/06/04 v1.11 sample graphics configuration
)
Package graphics Info: Driver file: pdftex.def on input line 107.

(/usr/share/texlive/texmf-dist/tex/latex/graphics-def/pdftex.def
File: pdftex.def 2022/09/22 v1.2b Graphics/color driver for pdftex
)))
Package pdflscape Info: Auto-detected driver: pdftex on input line 81.
))
(/usr/share/texlive/texmf-dist/tex/latex/graphics/graphicx.sty
Package: graphicx 2021/09/16 v1.2d Enhanced LaTeX Graphics (DPC,SPQR)
\Gin@req@height=\dimen150
\Gin@req@width=\dimen151
)
(/usr/share/texlive/texmf-dist/tex/latex/l3backend/l3backend-pdftex.def
File: l3backend-pdftex.def 2023-01-16 L3 backend support: PDF output (pdfTeX)
\l__color_backend_stack_int=\count198
\l__pdf_internal_box=\box53
)
(./report.aux)
\openout1 = `report.aux'.

LaTeX Font Info:    Checking defaults for OML/cmm/m/it on input line 19.
LaTeX Font Info:    ... okay on input line 19.
LaTeX Font Info:    Checking defaults for OMS/cmsy/m/n on input line 19.
LaTeX Font Info:    ... okay on input line 19.
LaTeX Font Info:    Checking defaults for OT1/cmr/m/n on input line 19.
LaTeX Font Info:    ... okay on input line 19.
LaTeX Font Info:    Checking defaults for T1/cmr/m/n on input line 19.
LaTeX Font Info:    ... okay on input line 19.
LaTeX Font Info:    Checking defaults for TS1/cmr/m/n on input line 19.
LaTeX Font Info:    ... okay on input line 19.
LaTeX Font Info:    Checking defaults for OMX/cmex/m/n on input line 19.
LaTeX Font Info:    ... okay on input line 19.
LaTeX Font Info:    Checking defaults for U/cmr/m/n on input line 19.
LaTeX Font Info:    ... okay on input line 19.
Package scrbase Info: activating english \abstractname on input line 19.
Package scrbase Info: activating english \partname on input line 19.
Package scrbase Info: activating english \figurename on input line 19.
Package scrbase Info: activating english \tablename on input line 19.
Package scrbase Info: activating english \contentsname on input line 19.
Package scrbase Info: activating english \listfigurename on input line 19.
Package scrbase Info: activating english \listtablename on input line 19.
Package scrbase Info: activating english \refname on input line 19.
Package scrbase Info: activating english \indexname on input line 19.

*geometry* driver: auto-detecting
*geometry* detected driver: pdftex
*geometry* verbose mode - [ preamble ] result:
* driver: pdftex
* paper: a4paper
* layout: <same size as paper>
* layoutoffset:(h,v)=(0.0pt,0.0pt)
* modes: 
* h-part:(L,W,R)=(56.9055pt, 483.69684pt, 56.90553pt)
* v-part:(T,H,B)=(56.9055pt, 731.23582pt, 56.90552pt)
* \paperwidth=597.50787pt
* \paperheight=845.04684pt
* \textwidth=483.69684pt
* \textheight=731.23582pt
* \oddsidemargin=-15.36449pt
* \evensidemargin=-15.36449pt
* \topmargin=-52.7645pt
* \headheight=17.0pt
* \headsep=20.40001pt
* \topskip=11.0pt
* \footskip=47.6pt
* \marginparwidth=59.7508pt
* \marginparsep=12.8401pt
* \columnsep=10.0pt
* \skip\footins=10.0pt plus 4.0pt minus 2.0pt
* \hoffset=0.0pt
* \voffset=0.0pt
* \mag=1000
* \@twocolumnfalse
* \@twosidefalse
* \@mparswitchfalse
* \@reversemarginfalse
* (1in=72.27pt=25.4mm, 1cm=28.453pt)

(/usr/share/texlive/texmf-dist/tex/context/base/mkii/supp-pdf.mkii
[Loading MPS to PDF converter (version 2006.09.02).]
\scratchcounter=\count199
\scratchdimen=\dimen152
\scratchbox=\box54
\nofMPsegments=\count266
\nofMParguments=\count267
\everyMPshowfont=\toks18
\MPscratchCnt=\count268
\MPscratchDim=\dimen153
\MPnumerator=\count269
\makeMPintoPDFobject=\count270
\everyMPtoPDFconversion=\toks19
) (/usr/share/texlive/texmf-dist/tex/latex/epstopdf-pkg/epstopdf-base.sty
Package: epstopdf-base 2020-01-24 v2.11 Base part for package epstopdf
Package epstopdf-base Info: Redefining graphics rule for `.eps' on input line 4
85.

(/usr/share/texlive/texmf-dist/tex/latex/latexconfig/epstopdf-sys.cfg
File: epstopdf-sys.cfg 2010/07/13 v1.3 Configuration of (r)epstopdf for TeX Liv
e
))
LaTeX Font Info:    External font `cmex10' loaded for size
(Font)              <14.4> on input line 22.
LaTeX Font Info:    External font `cmex10' loaded for size
(Font)              <7> on input line 22.
LaTeX Font Info:    Trying to load font information for OMS+cmr on input line 4
0.

(/usr/share/texlive/texmf-dist/tex/latex/base/omscmr.fd
File: omscmr.fd 2022/07/10 v2.5l Standard LaTeX font definitions
)
LaTeX Font Info:    Font shape `OMS/cmr/m/n' in size <10.95> not available
(Font)              Font shape `OMS/cmsy/m/n' tried instead on input line 40.
LaTeX Font Info:    External font `cmex10' loaded for size
(Font)              <10.95> on input line 46.
LaTeX Font Info:    External font `cmex10' loaded for size
(Font)              <8> on input line 46.
LaTeX Font Info:    External font `cmex10' loaded for size
(Font)              <6> on input line 46.
<./figs/asia/asia-boxplots.pdf, id=1, 505.89pt x 505.89pt>
File: ./figs/asia/asia-boxplots.pdf Graphic file (type pdf)
<use ./figs/asia/asia-boxplots.pdf>
Package pdftex.def Info: ./figs/asia/asia-boxplots.pdf  used on input line 54.
(pdftex.def)             Requested size: 252.94437pt x 252.94437pt.
 [1


{/var/lib/texmf/fonts/map/pdftex/updmap/pdftex.map}{/usr/share/texlive/texmf-di
st/fonts/enc/dvips/cm-super/cm-super-ts1.enc}]
<./figs/asia/mapEvolution-1-142.pdf, id=14, 505.89pt x 505.89pt>
File: ./figs/asia/mapEvolution-1-142.pdf Graphic file (type pdf)
<use ./figs/asia/mapEvolution-1-142.pdf>
Package pdftex.def Info: ./figs/asia/mapEvolution-1-142.pdf  used on input line
 59.
(pdftex.def)             Requested size: 202.3524pt x 202.3524pt.
<./figs/asia/mapEvolution-2-142.pdf, id=15, 505.89pt x 505.89pt>
File: ./figs/asia/mapEvolution-2-142.pdf Graphic file (type pdf)
<use ./figs/asia/mapEvolution-2-142.pdf>
Package pdftex.def Info: ./figs/asia/mapEvolution-2-142.pdf  used on input line
 60.
(pdftex.def)             Requested size: 202.3524pt x 202.3524pt.
<./figs/asia/mapEvolution-3-142.pdf, id=16, 505.89pt x 505.89pt>
File: ./figs/asia/mapEvolution-3-142.pdf Graphic file (type pdf)
<use ./figs/asia/mapEvolution-3-142.pdf>
Package pdftex.def Info: ./figs/asia/mapEvolution-3-142.pdf  used on input line
 64.
(pdftex.def)             Requested size: 202.3524pt x 202.3524pt.
<./figs/asia/mapEvolution-4-142.pdf, id=17, 505.89pt x 505.89pt>
File: ./figs/asia/mapEvolution-4-142.pdf Graphic file (type pdf)
<use ./figs/asia/mapEvolution-4-142.pdf>
Package pdftex.def Info: ./figs/asia/mapEvolution-4-142.pdf  used on input line
 65.
(pdftex.def)             Requested size: 202.3524pt x 202.3524pt.
<./figs/asia/mapEvolution-5-142.pdf, id=18, 505.89pt x 505.89pt>
File: ./figs/asia/mapEvolution-5-142.pdf Graphic file (type pdf)
<use ./figs/asia/mapEvolution-5-142.pdf>
Package pdftex.def Info: ./figs/asia/mapEvolution-5-142.pdf  used on input line
 69.
(pdftex.def)             Requested size: 202.3524pt x 202.3524pt.
 [2 <./figs/asia/asia-boxplots.pdf> <./figs/asia/mapEvolution-1-142.pdf> <./fig
s/asia/mapEvolution-2-142.pdf> <./figs/asia/mapEvolution-3-142.pdf> <./figs/asi
a/mapEvolution-4-142.pdf>] [3 <./figs/asia/mapEvolution-5-142.pdf>]
<./figs/alarm/alarm-boxplots.pdf, id=70, 505.89pt x 505.89pt>
File: ./figs/alarm/alarm-boxplots.pdf Graphic file (type pdf)
<use ./figs/alarm/alarm-boxplots.pdf>
Package pdftex.def Info: ./figs/alarm/alarm-boxplots.pdf  used on input line 10
1.
(pdftex.def)             Requested size: 252.94437pt x 252.94437pt.
<./figs/alarm/mapEvolution-1-3332.pdf, id=71, 505.89pt x 505.89pt>
File: ./figs/alarm/mapEvolution-1-3332.pdf Graphic file (type pdf)
<use ./figs/alarm/mapEvolution-1-3332.pdf>
Package pdftex.def Info: ./figs/alarm/mapEvolution-1-3332.pdf  used on input li
ne 106.
(pdftex.def)             Requested size: 202.3524pt x 202.3524pt.
<./figs/alarm/mapEvolution-2-3332.pdf, id=72, 505.89pt x 505.89pt>
File: ./figs/alarm/mapEvolution-2-3332.pdf Graphic file (type pdf)
<use ./figs/alarm/mapEvolution-2-3332.pdf>
Package pdftex.def Info: ./figs/alarm/mapEvolution-2-3332.pdf  used on input li
ne 107.
(pdftex.def)             Requested size: 202.3524pt x 202.3524pt.
 [4

 <./figs/alarm/alarm-boxplots.pdf>]
<./figs/alarm/mapEvolution-3-3332.pdf, id=81, 505.89pt x 505.89pt>
File: ./figs/alarm/mapEvolution-3-3332.pdf Graphic file (type pdf)
<use ./figs/alarm/mapEvolution-3-3332.pdf>
Package pdftex.def Info: ./figs/alarm/mapEvolution-3-3332.pdf  used on input li
ne 111.
(pdftex.def)             Requested size: 202.3524pt x 202.3524pt.
<./figs/alarm/mapEvolution-4-3332.pdf, id=82, 505.89pt x 505.89pt>
File: ./figs/alarm/mapEvolution-4-3332.pdf Graphic file (type pdf)
<use ./figs/alarm/mapEvolution-4-3332.pdf>
Package pdftex.def Info: ./figs/alarm/mapEvolution-4-3332.pdf  used on input li
ne 112.
(pdftex.def)             Requested size: 202.3524pt x 202.3524pt.
<./figs/alarm/mapEvolution-5-3332.pdf, id=83, 505.89pt x 505.89pt>
File: ./figs/alarm/mapEvolution-5-3332.pdf Graphic file (type pdf)
<use ./figs/alarm/mapEvolution-5-3332.pdf>
Package pdftex.def Info: ./figs/alarm/mapEvolution-5-3332.pdf  used on input li
ne 116.
(pdftex.def)             Requested size: 202.3524pt x 202.3524pt.
 [5 <./figs/alarm/mapEvolution-1-3332.pdf> <./figs/alarm/mapEvolution-2-3332.pd
f> <./figs/alarm/mapEvolution-3-3332.pdf> <./figs/alarm/mapEvolution-4-3332.pdf
> <./figs/alarm/mapEvolution-5-3332.pdf>]
<./figs/hepar2/hepar2-boxplots.pdf, id=127, 505.89pt x 505.89pt>
File: ./figs/hepar2/hepar2-boxplots.pdf Graphic file (type pdf)
<use ./figs/hepar2/hepar2-boxplots.pdf>
Package pdftex.def Info: ./figs/hepar2/hepar2-boxplots.pdf  used on input line 
148.
(pdftex.def)             Requested size: 252.94437pt x 252.94437pt.
<./figs/hepar2/mapEvolution-1-12077.pdf, id=128, 505.89pt x 505.89pt>
File: ./figs/hepar2/mapEvolution-1-12077.pdf Graphic file (type pdf)
<use ./figs/hepar2/mapEvolution-1-12077.pdf>
Package pdftex.def Info: ./figs/hepar2/mapEvolution-1-12077.pdf  used on input 
line 153.
(pdftex.def)             Requested size: 202.3524pt x 202.3524pt.
<./figs/hepar2/mapEvolution-2-12077.pdf, id=129, 505.89pt x 505.89pt>
File: ./figs/hepar2/mapEvolution-2-12077.pdf Graphic file (type pdf)
<use ./figs/hepar2/mapEvolution-2-12077.pdf>
Package pdftex.def Info: ./figs/hepar2/mapEvolution-2-12077.pdf  used on input 
line 154.
(pdftex.def)             Requested size: 202.3524pt x 202.3524pt.
 [6

 <./figs/hepar2/hepar2-boxplots.pdf>]
<./figs/hepar2/mapEvolution-3-12077.pdf, id=138, 505.89pt x 505.89pt>
File: ./figs/hepar2/mapEvolution-3-12077.pdf Graphic file (type pdf)
<use ./figs/hepar2/mapEvolution-3-12077.pdf>
Package pdftex.def Info: ./figs/hepar2/mapEvolution-3-12077.pdf  used on input 
line 158.
(pdftex.def)             Requested size: 202.3524pt x 202.3524pt.
<./figs/hepar2/mapEvolution-4-12077.pdf, id=139, 505.89pt x 505.89pt>
File: ./figs/hepar2/mapEvolution-4-12077.pdf Graphic file (type pdf)
<use ./figs/hepar2/mapEvolution-4-12077.pdf>
Package pdftex.def Info: ./figs/hepar2/mapEvolution-4-12077.pdf  used on input 
line 159.
(pdftex.def)             Requested size: 202.3524pt x 202.3524pt.
<./figs/hepar2/mapEvolution-5-12077.pdf, id=140, 505.89pt x 505.89pt>
File: ./figs/hepar2/mapEvolution-5-12077.pdf Graphic file (type pdf)
<use ./figs/hepar2/mapEvolution-5-12077.pdf>
Package pdftex.def Info: ./figs/hepar2/mapEvolution-5-12077.pdf  used on input 
line 163.
(pdftex.def)             Requested size: 202.3524pt x 202.3524pt.
 [7 <./figs/hepar2/mapEvolution-1-12077.pdf> <./figs/hepar2/mapEvolution-2-1207
7.pdf> <./figs/hepar2/mapEvolution-3-12077.pdf> <./figs/hepar2/mapEvolution-4-1
2077.pdf> <./figs/hepar2/mapEvolution-5-12077.pdf>]
<./figs/win95pts/win95pts-boxplots.pdf, id=186, 505.89pt x 505.89pt>
File: ./figs/win95pts/win95pts-boxplots.pdf Graphic file (type pdf)
<use ./figs/win95pts/win95pts-boxplots.pdf>
Package pdftex.def Info: ./figs/win95pts/win95pts-boxplots.pdf  used on input l
ine 195.
(pdftex.def)             Requested size: 252.94437pt x 252.94437pt.
<./figs/win95pts/mapEvolution-1-14252.pdf, id=187, 505.89pt x 505.89pt>
File: ./figs/win95pts/mapEvolution-1-14252.pdf Graphic file (type pdf)
<use ./figs/win95pts/mapEvolution-1-14252.pdf>
Package pdftex.def Info: ./figs/win95pts/mapEvolution-1-14252.pdf  used on inpu
t line 200.
(pdftex.def)             Requested size: 202.3524pt x 202.3524pt.
<./figs/win95pts/mapEvolution-2-14252.pdf, id=188, 505.89pt x 505.89pt>
File: ./figs/win95pts/mapEvolution-2-14252.pdf Graphic file (type pdf)
<use ./figs/win95pts/mapEvolution-2-14252.pdf>
Package pdftex.def Info: ./figs/win95pts/mapEvolution-2-14252.pdf  used on inpu
t line 201.
(pdftex.def)             Requested size: 202.3524pt x 202.3524pt.
 [8 <./figs/win95pts/win95pts-boxplots.pdf>]
<./figs/win95pts/mapEvolution-3-14252.pdf, id=197, 505.89pt x 505.89pt>
File: ./figs/win95pts/mapEvolution-3-14252.pdf Graphic file (type pdf)
<use ./figs/win95pts/mapEvolution-3-14252.pdf>
Package pdftex.def Info: ./figs/win95pts/mapEvolution-3-14252.pdf  used on inpu
t line 205.
(pdftex.def)             Requested size: 202.3524pt x 202.3524pt.
<./figs/win95pts/mapEvolution-4-14252.pdf, id=198, 505.89pt x 505.89pt>
File: ./figs/win95pts/mapEvolution-4-14252.pdf Graphic file (type pdf)
<use ./figs/win95pts/mapEvolution-4-14252.pdf>
Package pdftex.def Info: ./figs/win95pts/mapEvolution-4-14252.pdf  used on inpu
t line 206.
(pdftex.def)             Requested size: 202.3524pt x 202.3524pt.
<./figs/win95pts/mapEvolution-5-14252.pdf, id=199, 505.89pt x 505.89pt>
File: ./figs/win95pts/mapEvolution-5-14252.pdf Graphic file (type pdf)
<use ./figs/win95pts/mapEvolution-5-14252.pdf>
Package pdftex.def Info: ./figs/win95pts/mapEvolution-5-14252.pdf  used on inpu
t line 210.
(pdftex.def)             Requested size: 202.3524pt x 202.3524pt.
 [9 <./figs/win95pts/mapEvolution-1-14252.pdf> <./figs/win95pts/mapEvolution-2-
14252.pdf> <./figs/win95pts/mapEvolution-3-14252.pdf> <./figs/win95pts/mapEvolu
tion-4-14252.pdf> <./figs/win95pts/mapEvolution-5-14252.pdf>] (./report.aux) ) 
Here is how much of TeX's memory you used:
 5116 strings out of 476041
 112790 string characters out of 5793175
 1855388 words of memory out of 6000000
 25527 multiletter control sequences out of 15000+600000
 518069 words of font info for 51 fonts, out of 8000000 for 9000
 1137 hyphenation exceptions out of 8191
 108i,11n,106p,10601b,270s stack positions out of 10000i,1000n,20000p,200000b,200000s
<
/usr/share/texlive/texmf-dist/fonts/type1/public/amsfonts/cm/cmbx10.pfb></usr/s
hare/texlive/texmf-dist/fonts/type1/public/amsfonts/cm/cmmi10.pfb></usr/share/t
exlive/texmf-dist/fonts/type1/public/amsfonts/cm/cmr10.pfb></usr/share/texlive/
texmf-dist/fonts/type1/public/amsfonts/cm/cmr12.pfb></usr/share/texlive/texmf-d
ist/fonts/type1/public/amsfonts/cm/cmssbx10.pfb></usr/share/texlive/texmf-dist/
fonts/type1/public/amsfonts/cm/cmsy10.pfb></usr/share/texlive/texmf-dist/fonts/
type1/public/cm-super/sfrm1095.pfb>
Output written on report.pdf (9 pages, 207355 bytes).
PDF statistics:
 275 PDF objects out of 1000 (max. 8388607)
 200 compressed objects within 2 object streams
 0 named destinations out of 1000 (max. 500000)
 121 words of extra memory for PDF output out of 10000 (max. 10000000)

